# JRE version: Java(TM) SE Runtime Environment (17.0.2+8) (build 17.0.2+8-LTS-86)
# Java VM: Java HotSpot(TM) 64-Bit Server VM (17.0.2+8-LTS-86, mixed mode, sharing, tiered, compressed oops, compressed class ptrs, g1 gc, windows-amd64)
GC Precious Log:
 CPUs: 4 total, 4 available
 Memory: 3995M
 Large Page Support: Disabled
 NUMA Support: Disabled
 Compressed Oops: Enabled (32-bit)
 Heap Region Size: 1M
 Heap Min Capacity: 256M
 Heap Initial Capacity: 256M
 Heap Max Capacity: 512M
 Pre-touch: Disabled
 Parallel Workers: 4
 Concurrent Workers: 1
 Concurrent Refinement Workers: 4
 Periodic GC: Disabled
Heap:
 garbage-first heap   total 262144K, used 183296K [0x00000000e0000000, 0x0000000100000000)
  region size 1024K, 153 young (156672K), 8 survivors (8192K)
 Metaspace       used 49824K, committed 50368K, reserved 262144K
  class space    used 6909K, committed 7168K, reserved 212992K
GC Heap History (12 events):
Event: 2.468 GC heap before
{Heap before GC invocations=0 (full 0):
 garbage-first heap   total 262144K, used 12288K [0x00000000e0000000, 0x0000000100000000)
  region size 1024K, 13 young (13312K), 0 survivors (0K)
 Metaspace       used 972K, committed 1088K, reserved 221184K
  class space    used 74K, committed 128K, reserved 212992K
}
Event: 2.474 GC heap after
{Heap after GC invocations=1 (full 0):
 garbage-first heap   total 262144K, used 3801K [0x00000000e0000000, 0x0000000100000000)
  region size 1024K, 2 young (2048K), 2 survivors (2048K)
 Metaspace       used 972K, committed 1088K, reserved 221184K
  class space    used 74K, committed 128K, reserved 212992K
}
Event: 4.520 GC heap before
{Heap before GC invocations=1 (full 0):
 garbage-first heap   total 262144K, used 21209K [0x00000000e0000000, 0x0000000100000000)
  region size 1024K, 17 young (17408K), 2 survivors (2048K)
 Metaspace       used 3810K, committed 3968K, reserved 221184K
  class space    used 474K, committed 576K, reserved 212992K
}
Event: 4.526 GC heap after
{Heap after GC invocations=2 (full 0):
 garbage-first heap   total 262144K, used 9482K [0x00000000e0000000, 0x0000000100000000)
  region size 1024K, 3 young (3072K), 3 survivors (3072K)
 Metaspace       used 3810K, committed 3968K, reserved 221184K
  class space    used 474K, committed 576K, reserved 212992K
}
Event: 6.112 GC heap before
{Heap before GC invocations=2 (full 0):
 garbage-first heap   total 262144K, used 30986K [0x00000000e0000000, 0x0000000100000000)
  region size 1024K, 24 young (24576K), 3 survivors (3072K)
 Metaspace       used 3940K, committed 4096K, reserved 221184K
  class space    used 475K, committed 576K, reserved 212992K
}
Event: 6.119 GC heap after
{Heap after GC invocations=3 (full 0):
 garbage-first heap   total 262144K, used 12024K [0x00000000e0000000, 0x0000000100000000)
  region size 1024K, 3 young (3072K), 3 survivors (3072K)
 Metaspace       used 3940K, committed 4096K, reserved 221184K
  class space    used 475K, committed 576K, reserved 212992K
}
Event: 13.555 GC heap before
{Heap before GC invocations=3 (full 0):
 garbage-first heap   total 262144K, used 112376K [0x00000000e0000000, 0x0000000100000000)
  region size 1024K, 102 young (104448K), 3 survivors (3072K)
 Metaspace       used 21212K, committed 21504K, reserved 237568K
  class space    used 3167K, committed 3328K, reserved 212992K
}
Event: 13.574 GC heap after
{Heap after GC invocations=4 (full 0):
 garbage-first heap   total 262144K, used 20488K [0x00000000e0000000, 0x0000000100000000)
  region size 1024K, 11 young (11264K), 11 survivors (11264K)
 Metaspace       used 21212K, committed 21504K, reserved 237568K
  class space    used 3167K, committed 3328K, reserved 212992K
}
Event: 22.930 GC heap before
{Heap before GC invocations=5 (full 0):
 garbage-first heap   total 262144K, used 121864K [0x00000000e0000000, 0x0000000100000000)
  region size 1024K, 108 young (110592K), 11 survivors (11264K)
 Metaspace       used 35592K, committed 35968K, reserved 245760K
  class space    used 4891K, committed 5120K, reserved 212992K
}
Event: 22.962 GC heap after
{Heap after GC invocations=6 (full 0):
 garbage-first heap   total 262144K, used 29713K [0x00000000e0000000, 0x0000000100000000)
  region size 1024K, 10 young (10240K), 10 survivors (10240K)
 Metaspace       used 35592K, committed 35968K, reserved 245760K
  class space    used 4891K, committed 5120K, reserved 212992K
}
Event: 29.878 GC heap before
{Heap before GC invocations=7 (full 0):
 garbage-first heap   total 262144K, used 133137K [0x00000000e0000000, 0x0000000100000000)
  region size 1024K, 111 young (113664K), 10 survivors (10240K)
 Metaspace       used 45297K, committed 45824K, reserved 253952K
  class space    used 6403K, committed 6656K, reserved 212992K
}
Event: 29.909 GC heap after
{Heap after GC invocations=8 (full 0):
 garbage-first heap   total 262144K, used 36864K [0x00000000e0000000, 0x0000000100000000)
  region size 1024K, 8 young (8192K), 8 survivors (8192K)
 Metaspace       used 45297K, committed 45824K, reserved 253952K
  class space    used 6403K, committed 6656K, reserved 212992K
}

